<?xml version="1.0" encoding="UTF-8"?>
<!-- Generated by org.testng.reporters.JUnitReportReporter -->
<testsuite hostname="Nuvobook_V1" failures="0" tests="1" name="sample.Demo" time="0.019" errors="0" timestamp="2025-03-28T15:15:18 IST" skipped="0">
  <testcase classname="sample.Demo" name="method" time="0.019"/>
</testsuite> <!-- sample.Demo -->
